<?xml version="1.0" encoding="UTF-8"?>
<!-- Generated by org.testng.reporters.JUnitXMLReporter -->
<testsuite ignored="0" hostname="DESKTOP-0J67C42" failures="0" tests="13" name="Test" time="86.421" errors="0" timestamp="2024-04-05T20:15:18 IST">
  <testcase classname="Basics.Annotations" name="Homepage" time="0.025"/>
  <testcase classname="Basics.Annotations" name="Login" time="0.008"/>
  <testcase classname="Basics.Annotations" name="Products" time="0.003"/>
  <testcase classname="Basics.Annotations" name="AddToCart" time="0.004"/>
  <testcase classname="Basics.Assertions" name="TrueAssertion" time="0.006"/>
  <testcase classname="Basics.Assertions" name="equalsAssertion" time="0.002"/>
  <testcase classname="Basics.Assertions" name="falseAssertion" time="0.003"/>
  <testcase classname="Basics.Assertions" name="softAssertion" time="0.009"/>
  <testcase classname="Basics.DataproviderDemo" name="positiveLoginTest" time="4.419"/>
  <testcase classname="Basics.DataproviderDemo" name="negativeLoginTest" time="8.413"/>
  <testcase classname="Basics.DataproviderDemo" name="negativeLoginTest" time="5.004"/>
  <testcase classname="Basics.DataproviderDemo" name="negativeLoginTest" time="5.41"/>
  <testcase classname="Basics.DataproviderDemo" name="negativeLoginTest" time="6.346"/>
</testsuite> <!-- Test -->
