<?xml version="1.0" encoding="UTF-8"?>
<testng-results ignored="0" total="13" passed="13" failed="0" skipped="0">
  <reporter-output>
  </reporter-output>
  <suite started-at="2024-04-05T20:13:52 IST" name="Suite" finished-at="2024-04-05T20:15:18 IST" duration-ms="86421">
    <groups>
      <group name="reg">
        <method signature="Annotations.Login()[pri:1, instance:Basics.Annotations@4803b726]" name="Login" class="Basics.Annotations"/>
      </group> <!-- reg -->
      <group name="smoke">
        <method signature="Annotations.Login()[pri:1, instance:Basics.Annotations@4803b726]" name="Login" class="Basics.Annotations"/>
      </group> <!-- smoke -->
    </groups>
    <test started-at="2024-04-05T20:13:52 IST" name="Test" finished-at="2024-04-05T20:15:18 IST" duration-ms="86421">
      <class name="Basics.DataproviderDemo">
        <test-method is-config="true" signature="invokeDriver()[pri:0, instance:Basics.DataproviderDemo@1b11171f]" started-at="2024-04-05T20:13:52 IST" name="invokeDriver" finished-at="2024-04-05T20:14:06 IST" duration-ms="14084" status="PASS">
          <reporter-output>
          </reporter-output>
        </test-method> <!-- invokeDriver -->
        <test-method signature="positiveLoginTest()[pri:2, instance:Basics.DataproviderDemo@1b11171f]" started-at="2024-04-05T20:14:06 IST" name="positiveLoginTest" finished-at="2024-04-05T20:14:10 IST" duration-ms="4419" status="PASS">
          <reporter-output>
          </reporter-output>
        </test-method> <!-- positiveLoginTest -->
        <test-method is-config="true" signature="tearDown()[pri:0, instance:Basics.DataproviderDemo@1b11171f]" started-at="2024-04-05T20:14:10 IST" name="tearDown" finished-at="2024-04-05T20:14:11 IST" duration-ms="495" status="PASS">
          <reporter-output>
          </reporter-output>
        </test-method> <!-- tearDown -->
        <test-method is-config="true" signature="invokeDriver()[pri:0, instance:Basics.DataproviderDemo@1b11171f]" started-at="2024-04-05T20:14:11 IST" name="invokeDriver" finished-at="2024-04-05T20:14:16 IST" duration-ms="5069" status="PASS">
          <reporter-output>
          </reporter-output>
        </test-method> <!-- invokeDriver -->
        <test-method signature="negativeLoginTest(java.lang.String,java.lang.String)[pri:3, instance:Basics.DataproviderDemo@1b11171f]" started-at="2024-04-05T20:14:16 IST" name="negativeLoginTest" data-provider="dataSet" finished-at="2024-04-05T20:14:24 IST" duration-ms="8413" status="PASS">
          <params>
            <param index="0">
              <value>
                <![CDATA[ ]]>
              </value>
            </param>
            <param index="1">
              <value>
                <![CDATA[admin123]]>
              </value>
            </param>
          </params>
          <reporter-output>
          </reporter-output>
        </test-method> <!-- negativeLoginTest -->
        <test-method is-config="true" signature="tearDown()[pri:0, instance:Basics.DataproviderDemo@1b11171f]" started-at="2024-04-05T20:14:24 IST" name="tearDown" finished-at="2024-04-05T20:14:25 IST" duration-ms="624" status="PASS">
          <reporter-output>
          </reporter-output>
        </test-method> <!-- tearDown -->
        <test-method is-config="true" signature="invokeDriver()[pri:0, instance:Basics.DataproviderDemo@1b11171f]" started-at="2024-04-05T20:14:25 IST" name="invokeDriver" finished-at="2024-04-05T20:14:37 IST" duration-ms="12128" status="PASS">
          <reporter-output>
          </reporter-output>
        </test-method> <!-- invokeDriver -->
        <test-method signature="negativeLoginTest(java.lang.String,java.lang.String)[pri:3, instance:Basics.DataproviderDemo@1b11171f]" started-at="2024-04-05T20:14:37 IST" name="negativeLoginTest" data-provider="dataSet" finished-at="2024-04-05T20:14:42 IST" duration-ms="5004" status="PASS">
          <params>
            <param index="0">
              <value>
                <![CDATA[sljfdk]]>
              </value>
            </param>
            <param index="1">
              <value>
                <![CDATA[admin123]]>
              </value>
            </param>
          </params>
          <reporter-output>
          </reporter-output>
        </test-method> <!-- negativeLoginTest -->
        <test-method is-config="true" signature="tearDown()[pri:0, instance:Basics.DataproviderDemo@1b11171f]" started-at="2024-04-05T20:14:42 IST" name="tearDown" finished-at="2024-04-05T20:14:43 IST" duration-ms="405" status="PASS">
          <reporter-output>
          </reporter-output>
        </test-method> <!-- tearDown -->
        <test-method is-config="true" signature="invokeDriver()[pri:0, instance:Basics.DataproviderDemo@1b11171f]" started-at="2024-04-05T20:14:43 IST" name="invokeDriver" finished-at="2024-04-05T20:14:52 IST" duration-ms="9797" status="PASS">
          <reporter-output>
          </reporter-output>
        </test-method> <!-- invokeDriver -->
        <test-method signature="negativeLoginTest(java.lang.String,java.lang.String)[pri:3, instance:Basics.DataproviderDemo@1b11171f]" started-at="2024-04-05T20:14:52 IST" name="negativeLoginTest" data-provider="dataSet" finished-at="2024-04-05T20:14:58 IST" duration-ms="5410" status="PASS">
          <params>
            <param index="0">
              <value>
                <![CDATA[Admin]]>
              </value>
            </param>
            <param index="1">
              <value>
                <![CDATA[sdkjfls]]>
              </value>
            </param>
          </params>
          <reporter-output>
          </reporter-output>
        </test-method> <!-- negativeLoginTest -->
        <test-method is-config="true" signature="tearDown()[pri:0, instance:Basics.DataproviderDemo@1b11171f]" started-at="2024-04-05T20:14:58 IST" name="tearDown" finished-at="2024-04-05T20:14:58 IST" duration-ms="450" status="PASS">
          <reporter-output>
          </reporter-output>
        </test-method> <!-- tearDown -->
        <test-method is-config="true" signature="invokeDriver()[pri:0, instance:Basics.DataproviderDemo@1b11171f]" started-at="2024-04-05T20:14:58 IST" name="invokeDriver" finished-at="2024-04-05T20:15:11 IST" duration-ms="12959" status="PASS">
          <reporter-output>
          </reporter-output>
        </test-method> <!-- invokeDriver -->
        <test-method signature="negativeLoginTest(java.lang.String,java.lang.String)[pri:3, instance:Basics.DataproviderDemo@1b11171f]" started-at="2024-04-05T20:15:11 IST" name="negativeLoginTest" data-provider="dataSet" finished-at="2024-04-05T20:15:18 IST" duration-ms="6346" status="PASS">
          <params>
            <param index="0">
              <value>
                <![CDATA[afaffag]]>
              </value>
            </param>
            <param index="1">
              <value>
                <![CDATA[sfgksfdg]]>
              </value>
            </param>
          </params>
          <reporter-output>
          </reporter-output>
        </test-method> <!-- negativeLoginTest -->
        <test-method is-config="true" signature="tearDown()[pri:0, instance:Basics.DataproviderDemo@1b11171f]" started-at="2024-04-05T20:15:18 IST" name="tearDown" finished-at="2024-04-05T20:15:18 IST" duration-ms="539" status="PASS">
          <reporter-output>
          </reporter-output>
        </test-method> <!-- tearDown -->
      </class> <!-- Basics.DataproviderDemo -->
      <class name="Basics.Annotations">
        <test-method signature="Homepage()[pri:0, instance:Basics.Annotations@4803b726]" started-at="2024-04-05T20:13:52 IST" name="Homepage" finished-at="2024-04-05T20:13:52 IST" duration-ms="25" status="PASS">
          <reporter-output>
          </reporter-output>
        </test-method> <!-- Homepage -->
        <test-method signature="Login()[pri:1, instance:Basics.Annotations@4803b726]" started-at="2024-04-05T20:13:52 IST" name="Login" finished-at="2024-04-05T20:13:52 IST" duration-ms="8" status="PASS">
          <reporter-output>
          </reporter-output>
        </test-method> <!-- Login -->
        <test-method signature="Products()[pri:3, instance:Basics.Annotations@4803b726]" started-at="2024-04-05T20:13:52 IST" name="Products" finished-at="2024-04-05T20:13:52 IST" duration-ms="3" status="PASS">
          <reporter-output>
          </reporter-output>
        </test-method> <!-- Products -->
        <test-method signature="AddToCart()[pri:0, instance:Basics.Annotations@4803b726]" started-at="2024-04-05T20:13:52 IST" name="AddToCart" finished-at="2024-04-05T20:13:52 IST" depends-on-methods="Basics.Annotations.Products" duration-ms="4" status="PASS">
          <reporter-output>
          </reporter-output>
        </test-method> <!-- AddToCart -->
      </class> <!-- Basics.Annotations -->
      <class name="Basics.Assertions">
        <test-method signature="TrueAssertion(java.lang.String)[pri:0, instance:Basics.Assertions@26e356f0]" started-at="2024-04-05T20:13:52 IST" name="TrueAssertion" finished-at="2024-04-05T20:13:52 IST" duration-ms="6" status="PASS">
          <params>
            <param index="0">
              <value>
                <![CDATA[https://www.lambdatest.com/blog/how-to-install-testng-in-eclipse-step-by-step-guide/]]>
              </value>
            </param>
          </params>
          <reporter-output>
          </reporter-output>
        </test-method> <!-- TrueAssertion -->
        <test-method signature="equalsAssertion()[pri:0, instance:Basics.Assertions@26e356f0]" started-at="2024-04-05T20:13:52 IST" name="equalsAssertion" finished-at="2024-04-05T20:13:52 IST" duration-ms="2" status="PASS">
          <reporter-output>
          </reporter-output>
        </test-method> <!-- equalsAssertion -->
        <test-method signature="falseAssertion()[pri:0, instance:Basics.Assertions@26e356f0]" started-at="2024-04-05T20:13:52 IST" name="falseAssertion" finished-at="2024-04-05T20:13:52 IST" duration-ms="3" status="PASS">
          <reporter-output>
          </reporter-output>
        </test-method> <!-- falseAssertion -->
        <test-method signature="softAssertion()[pri:0, instance:Basics.Assertions@26e356f0]" started-at="2024-04-05T20:13:52 IST" name="softAssertion" finished-at="2024-04-05T20:13:52 IST" duration-ms="9" status="PASS">
          <reporter-output>
          </reporter-output>
        </test-method> <!-- softAssertion -->
      </class> <!-- Basics.Assertions -->
    </test> <!-- Test -->
  </suite> <!-- Suite -->
</testng-results>
