<?xml version="1.0" encoding="UTF-8"?>
<!-- Generated by org.testng.reporters.JUnitXMLReporter -->
<testsuite ignored="0" hostname="DESKTOP-0J67C42" failures="0" tests="5" name="Default test" time="146.288" errors="0" timestamp="2024-04-05T18:42:13 IST">
  <testcase classname="Basics.DataproviderDemo" name="positiveLoginTest" time="6.804"/>
  <testcase classname="Basics.DataproviderDemo" name="negativeLoginTest" time="5.433"/>
  <testcase classname="Basics.DataproviderDemo" name="negativeLoginTest" time="6.834"/>
  <testcase classname="Basics.DataproviderDemo" name="negativeLoginTest" time="7.5"/>
  <testcase classname="Basics.DataproviderDemo" name="negativeLoginTest" time="8.514"/>
</testsuite> <!-- Default test -->
